# //  ModelSim SE-64 10.6d Feb 24 2018
# //
# //  Copyright 1991-2018 Mentor Graphics Corporation
# //  All Rights Reserved.
# //
# //  ModelSim SE-64 and its associated documentation contain trade
# //  secrets and commercial or financial information that are the property of
# //  Mentor Graphics Corporation and are privileged, confidential,
# //  and exempt from disclosure under the Freedom of Information Act,
# //  5 U.S.C. Section 552. Furthermore, this information
# //  is prohibited from disclosure under the Trade Secrets Act,
# //  18 U.S.C. Section 1905.
# //
# do {tb_mnist_simulate.do}
# vsim -voptargs=""+acc"" -L xil_defaultlib -L unisims_ver -L unimacro_ver -L secureip -lib xil_defaultlib xil_defaultlib.tb_mnist xil_defaultlib.glbl 
# Start time: 16:09:16 on Oct 18,2022
# ** Note: (vsim-3812) Design is being optimized...
# Loading work.tb_mnist(fast)
# Loading work.mnist(fast)
# Loading work.layer1(fast)
# Loading work.neuron(fast)
# Loading work.weight_memory(fast)
# Loading work.relu(fast)
# Loading work.layer2(fast)
# Loading work.neuron(fast__1)
# Loading work.weight_memory(fast__1)
# Loading work.layer3(fast)
# Loading work.layer4(fast)
# Loading work.neuron(fast__2)
# Loading work.weight_memory(fast__2)
# Loading work.maxfinder(fast)
# Loading work.glbl(fast)
# ** Warning: (vsim-3015) ../../../../rtl/sim/tb_mnist.v(72): [PCDPC] - Port size (17) does not match connection size (16) for port 'output_data'. The port definition is at: ../../../../rtl/mnist.v(12).
#    Time: 0 ps  Iteration: 0  Instance: /tb_mnist/u_mnist File: ../../../../rtl/mnist.v
# ** Warning: (vsim-3015) ../../../../rtl/mnist.v(279): [PCDPC] - Port size (16) does not match connection size (17) for port 'output_data'. The port definition is at: ../../../../rtl/maxfinder.v(11).
#    Time: 0 ps  Iteration: 0  Instance: /tb_mnist/u_mnist/u_maxfinder File: ../../../../rtl/maxfinder.v
# 1
# 1
# .main_pane.wave.interior.cs.body.pw.wf
# .main_pane.structure.interior.cs.body.struct
# .main_pane.objects.interior.cs.body.tree
# Causality operation skipped due to absence of debug database file
run
run
add wave -position insertpoint sim:/tb_mnist/u_mnist/*
restart
# ** Note: (vsim-8009) Loading existing optimized design _opt
# Loading work.tb_mnist(fast)
# Loading work.mnist(fast)
# Loading work.layer1(fast)
# Loading work.neuron(fast)
# Loading work.weight_memory(fast)
# Loading work.relu(fast)
# Loading work.layer2(fast)
# Loading work.neuron(fast__1)
# Loading work.weight_memory(fast__1)
# Loading work.layer3(fast)
# Loading work.layer4(fast)
# Loading work.neuron(fast__2)
# Loading work.weight_memory(fast__2)
# Loading work.maxfinder(fast)
# Loading work.glbl(fast)
# ** Warning: (vsim-3015) ../../../../rtl/sim/tb_mnist.v(72): [PCDPC] - Port size (17) does not match connection size (16) for port 'output_data'. The port definition is at: ../../../../rtl/mnist.v(12).
#    Time: 0 ps  Iteration: 0  Instance: /tb_mnist/u_mnist File: ../../../../rtl/mnist.v
# ** Warning: (vsim-3015) ../../../../rtl/mnist.v(279): [PCDPC] - Port size (16) does not match connection size (17) for port 'output_data'. The port definition is at: ../../../../rtl/maxfinder.v(11).
#    Time: 0 ps  Iteration: 0  Instance: /tb_mnist/u_mnist/u_maxfinder File: ../../../../rtl/maxfinder.v
run
run
run
run
run
run
run
# 配置完成                      x ns
run
run
run
run
run
run
run
run
run
run
# 1. Accuracy: 100.000000, Detected number: 7, Expected: 0007
run
run -all
# 2. Accuracy: 100.000000, Detected number: 2, Expected: 0002
# 3. Accuracy: 100.000000, Detected number: 1, Expected: 0001
# 4. Accuracy: 100.000000, Detected number: 0, Expected: 0000
# 5. Accuracy: 100.000000, Detected number: 4, Expected: 0004
# 6. Accuracy: 100.000000, Detected number: 1, Expected: 0001
# 7. Accuracy: 100.000000, Detected number: 4, Expected: 0004
# 8. Accuracy: 100.000000, Detected number: 9, Expected: 0009
# 9. Accuracy: 100.000000, Detected number: 5, Expected: 0005
# 10. Accuracy: 100.000000, Detected number: 9, Expected: 0009
# 11. Accuracy: 100.000000, Detected number: 0, Expected: 0000
# 12. Accuracy: 100.000000, Detected number: 6, Expected: 0006
# 13. Accuracy: 100.000000, Detected number: 9, Expected: 0009
# 14. Accuracy: 100.000000, Detected number: 0, Expected: 0000
# 15. Accuracy: 100.000000, Detected number: 1, Expected: 0001
# 16. Accuracy: 100.000000, Detected number: 5, Expected: 0005
# 17. Accuracy: 100.000000, Detected number: 9, Expected: 0009
# 18. Accuracy: 100.000000, Detected number: 7, Expected: 0007
# 19. Accuracy: 94.736842, Detected number: 5, Expected: 0003
# 20. Accuracy: 95.000000, Detected number: 4, Expected: 0004
# 21. Accuracy: 90.476190, Detected number: 7, Expected: 0009
# 22. Accuracy: 90.909091, Detected number: 6, Expected: 0006
# 23. Accuracy: 91.304348, Detected number: 6, Expected: 0006
# 24. Accuracy: 91.666667, Detected number: 5, Expected: 0005
# 25. Accuracy: 92.000000, Detected number: 4, Expected: 0004
# 26. Accuracy: 92.307692, Detected number: 0, Expected: 0000
# 27. Accuracy: 92.592593, Detected number: 7, Expected: 0007
# 28. Accuracy: 92.857143, Detected number: 4, Expected: 0004
# 29. Accuracy: 93.103448, Detected number: 0, Expected: 0000
# 30. Accuracy: 93.333333, Detected number: 1, Expected: 0001
# 31. Accuracy: 93.548387, Detected number: 3, Expected: 0003
# 32. Accuracy: 93.750000, Detected number: 1, Expected: 0001
# 33. Accuracy: 93.939394, Detected number: 3, Expected: 0003
# 34. Accuracy: 94.117647, Detected number: 4, Expected: 0004
# 35. Accuracy: 94.285714, Detected number: 7, Expected: 0007
# 36. Accuracy: 94.444444, Detected number: 2, Expected: 0002
# 37. Accuracy: 94.594595, Detected number: 7, Expected: 0007
# 38. Accuracy: 94.736842, Detected number: 1, Expected: 0001
# 39. Accuracy: 94.871795, Detected number: 2, Expected: 0002
# 40. Accuracy: 95.000000, Detected number: 1, Expected: 0001
# 41. Accuracy: 95.121951, Detected number: 1, Expected: 0001
# 42. Accuracy: 95.238095, Detected number: 7, Expected: 0007
# 43. Accuracy: 95.348837, Detected number: 4, Expected: 0004
# 44. Accuracy: 95.454545, Detected number: 2, Expected: 0002
# 45. Accuracy: 95.555556, Detected number: 3, Expected: 0003
# 46. Accuracy: 95.652174, Detected number: 5, Expected: 0005
# 47. Accuracy: 95.744681, Detected number: 1, Expected: 0001
# 48. Accuracy: 95.833333, Detected number: 2, Expected: 0002
# 49. Accuracy: 95.918367, Detected number: 4, Expected: 0004
# 50. Accuracy: 96.000000, Detected number: 4, Expected: 0004
# 51. Accuracy: 96.078431, Detected number: 6, Expected: 0006
# 52. Accuracy: 96.153846, Detected number: 3, Expected: 0003
# 53. Accuracy: 96.226415, Detected number: 5, Expected: 0005
# 54. Accuracy: 96.296296, Detected number: 5, Expected: 0005
# 55. Accuracy: 96.363636, Detected number: 6, Expected: 0006
# 56. Accuracy: 96.428571, Detected number: 0, Expected: 0000
# 57. Accuracy: 96.491228, Detected number: 4, Expected: 0004
# 58. Accuracy: 96.551724, Detected number: 1, Expected: 0001
# 59. Accuracy: 96.610169, Detected number: 9, Expected: 0009
# 60. Accuracy: 96.666667, Detected number: 5, Expected: 0005
# 61. Accuracy: 96.721311, Detected number: 7, Expected: 0007
# 62. Accuracy: 96.774194, Detected number: 8, Expected: 0008
# 63. Accuracy: 96.825397, Detected number: 9, Expected: 0009
# 64. Accuracy: 96.875000, Detected number: 3, Expected: 0003
# 65. Accuracy: 96.923077, Detected number: 7, Expected: 0007
# 66. Accuracy: 96.969697, Detected number: 4, Expected: 0004
# 67. Accuracy: 97.014925, Detected number: 6, Expected: 0006
# 68. Accuracy: 97.058824, Detected number: 4, Expected: 0004
# 69. Accuracy: 97.101449, Detected number: 3, Expected: 0003
# 70. Accuracy: 97.142857, Detected number: 0, Expected: 0000
# 71. Accuracy: 97.183099, Detected number: 7, Expected: 0007
# 72. Accuracy: 97.222222, Detected number: 0, Expected: 0000
# 73. Accuracy: 97.260274, Detected number: 2, Expected: 0002
# 74. Accuracy: 97.297297, Detected number: 9, Expected: 0009
# 75. Accuracy: 97.333333, Detected number: 1, Expected: 0001
# 76. Accuracy: 97.368421, Detected number: 7, Expected: 0007
# 77. Accuracy: 97.402597, Detected number: 3, Expected: 0003
# 78. Accuracy: 97.435897, Detected number: 2, Expected: 0002
# 79. Accuracy: 97.468354, Detected number: 9, Expected: 0009
# 80. Accuracy: 97.500000, Detected number: 7, Expected: 0007
# 81. Accuracy: 97.530864, Detected number: 7, Expected: 0007
# 82. Accuracy: 97.560976, Detected number: 6, Expected: 0006
# 83. Accuracy: 97.590361, Detected number: 2, Expected: 0002
# 84. Accuracy: 97.619048, Detected number: 7, Expected: 0007
# 85. Accuracy: 97.647059, Detected number: 8, Expected: 0008
# 86. Accuracy: 97.674419, Detected number: 4, Expected: 0004
# 87. Accuracy: 97.701149, Detected number: 7, Expected: 0007
# 88. Accuracy: 97.727273, Detected number: 3, Expected: 0003
# 89. Accuracy: 96.629213, Detected number: 4, Expected: 0006
# 90. Accuracy: 96.666667, Detected number: 1, Expected: 0001
# 91. Accuracy: 96.703297, Detected number: 3, Expected: 0003
# 92. Accuracy: 96.739130, Detected number: 6, Expected: 0006
# 93. Accuracy: 96.774194, Detected number: 9, Expected: 0009
# 94. Accuracy: 96.808511, Detected number: 3, Expected: 0003
# 95. Accuracy: 96.842105, Detected number: 1, Expected: 0001
# 96. Accuracy: 96.875000, Detected number: 4, Expected: 0004
# 97. Accuracy: 96.907216, Detected number: 1, Expected: 0001
# 98. Accuracy: 96.938776, Detected number: 7, Expected: 0007
# 99. Accuracy: 96.969697, Detected number: 6, Expected: 0006
# 100. Accuracy: 97.000000, Detected number: 9, Expected: 0009
# 101. Accuracy: 97.029703, Detected number: 6, Expected: 0006
# 102. Accuracy: 97.058824, Detected number: 0, Expected: 0000
# 103. Accuracy: 97.087379, Detected number: 5, Expected: 0005
# 104. Accuracy: 97.115385, Detected number: 4, Expected: 0004
# 105. Accuracy: 96.190476, Detected number: 5, Expected: 0009
# 106. Accuracy: 96.226415, Detected number: 9, Expected: 0009
# 107. Accuracy: 96.261682, Detected number: 2, Expected: 0002
# 108. Accuracy: 96.296296, Detected number: 1, Expected: 0001
# 109. Accuracy: 96.330275, Detected number: 9, Expected: 0009
# 110. Accuracy: 96.363636, Detected number: 4, Expected: 0004
# 111. Accuracy: 96.396396, Detected number: 8, Expected: 0008
# 112. Accuracy: 96.428571, Detected number: 7, Expected: 0007
# 113. Accuracy: 96.460177, Detected number: 3, Expected: 0003
# 114. Accuracy: 96.491228, Detected number: 9, Expected: 0009
# 115. Accuracy: 96.521739, Detected number: 7, Expected: 0007
# 116. Accuracy: 96.551724, Detected number: 4, Expected: 0004
# 117. Accuracy: 96.581197, Detected number: 4, Expected: 0004
# 118. Accuracy: 96.610169, Detected number: 4, Expected: 0004
# 119. Accuracy: 96.638655, Detected number: 9, Expected: 0009
# 120. Accuracy: 96.666667, Detected number: 2, Expected: 0002
# 121. Accuracy: 96.694215, Detected number: 5, Expected: 0005
# 122. Accuracy: 96.721311, Detected number: 4, Expected: 0004
# 123. Accuracy: 96.747967, Detected number: 7, Expected: 0007
# 124. Accuracy: 96.774194, Detected number: 6, Expected: 0006
# 125. Accuracy: 96.800000, Detected number: 7, Expected: 0007
# 126. Accuracy: 96.825397, Detected number: 9, Expected: 0009
# 127. Accuracy: 96.850394, Detected number: 0, Expected: 0000
# 128. Accuracy: 96.875000, Detected number: 5, Expected: 0005
# 129. Accuracy: 96.899225, Detected number: 8, Expected: 0008
# 130. Accuracy: 96.923077, Detected number: 5, Expected: 0005
# 131. Accuracy: 96.946565, Detected number: 6, Expected: 0006
# 132. Accuracy: 96.969697, Detected number: 6, Expected: 0006
# 133. Accuracy: 96.992481, Detected number: 5, Expected: 0005
# 134. Accuracy: 97.014925, Detected number: 7, Expected: 0007
# 135. Accuracy: 97.037037, Detected number: 8, Expected: 0008
# 136. Accuracy: 97.058824, Detected number: 1, Expected: 0001
# 137. Accuracy: 97.080292, Detected number: 0, Expected: 0000
# 138. Accuracy: 97.101449, Detected number: 1, Expected: 0001
# 139. Accuracy: 97.122302, Detected number: 6, Expected: 0006
# 140. Accuracy: 97.142857, Detected number: 4, Expected: 0004
# 141. Accuracy: 97.163121, Detected number: 6, Expected: 0006
# 142. Accuracy: 97.183099, Detected number: 7, Expected: 0007
# 143. Accuracy: 96.503497, Detected number: 5, Expected: 0003
# 144. Accuracy: 96.527778, Detected number: 1, Expected: 0001
# 145. Accuracy: 96.551724, Detected number: 7, Expected: 0007
# 146. Accuracy: 96.575342, Detected number: 1, Expected: 0001
# 147. Accuracy: 96.598639, Detected number: 8, Expected: 0008
# 148. Accuracy: 96.621622, Detected number: 2, Expected: 0002
# 149. Accuracy: 96.644295, Detected number: 0, Expected: 0000
# 150. Accuracy: 96.000000, Detected number: 8, Expected: 0002
# 151. Accuracy: 96.026490, Detected number: 9, Expected: 0009
# 152. Accuracy: 95.394737, Detected number: 8, Expected: 0009
# 153. Accuracy: 95.424837, Detected number: 5, Expected: 0005
# 154. Accuracy: 95.454545, Detected number: 5, Expected: 0005
# 155. Accuracy: 95.483871, Detected number: 1, Expected: 0001
# 156. Accuracy: 95.512821, Detected number: 5, Expected: 0005
# 157. Accuracy: 94.904459, Detected number: 4, Expected: 0006
# 158. Accuracy: 94.936709, Detected number: 0, Expected: 0000
# 159. Accuracy: 94.339623, Detected number: 5, Expected: 0003
# 160. Accuracy: 94.375000, Detected number: 4, Expected: 0004
# 161. Accuracy: 94.409938, Detected number: 4, Expected: 0004
# 162. Accuracy: 94.444444, Detected number: 6, Expected: 0006
# 163. Accuracy: 94.478528, Detected number: 5, Expected: 0005
# 164. Accuracy: 94.512195, Detected number: 4, Expected: 0004
# 165. Accuracy: 94.545455, Detected number: 6, Expected: 0006
# 166. Accuracy: 94.578313, Detected number: 5, Expected: 0005
# 167. Accuracy: 94.610778, Detected number: 4, Expected: 0004
# 168. Accuracy: 94.642857, Detected number: 5, Expected: 0005
# 169. Accuracy: 94.674556, Detected number: 1, Expected: 0001
# 170. Accuracy: 94.705882, Detected number: 4, Expected: 0004
# 171. Accuracy: 94.736842, Detected number: 4, Expected: 0004
# 172. Accuracy: 94.767442, Detected number: 7, Expected: 0007
# 173. Accuracy: 94.219653, Detected number: 5, Expected: 0002
# 174. Accuracy: 94.252874, Detected number: 3, Expected: 0003
# 175. Accuracy: 94.285714, Detected number: 2, Expected: 0002
# 176. Accuracy: 94.318182, Detected number: 7, Expected: 0007
# 177. Accuracy: 94.350282, Detected number: 1, Expected: 0001
# 178. Accuracy: 94.382022, Detected number: 8, Expected: 0008
# 179. Accuracy: 94.413408, Detected number: 1, Expected: 0001
# 180. Accuracy: 94.444444, Detected number: 8, Expected: 0008
# 181. Accuracy: 94.475138, Detected number: 1, Expected: 0001
# 182. Accuracy: 94.505495, Detected number: 8, Expected: 0008
# 183. Accuracy: 94.535519, Detected number: 5, Expected: 0005
# 184. Accuracy: 94.565217, Detected number: 0, Expected: 0000
# 185. Accuracy: 94.594595, Detected number: 8, Expected: 0008
# 186. Accuracy: 94.623656, Detected number: 9, Expected: 0009
# 187. Accuracy: 94.652406, Detected number: 2, Expected: 0002
# 188. Accuracy: 94.680851, Detected number: 5, Expected: 0005
# 189. Accuracy: 94.708995, Detected number: 0, Expected: 0000
# 190. Accuracy: 94.736842, Detected number: 1, Expected: 0001
# 191. Accuracy: 94.764398, Detected number: 1, Expected: 0001
# 192. Accuracy: 94.791667, Detected number: 1, Expected: 0001
# 193. Accuracy: 94.818653, Detected number: 0, Expected: 0000
# 194. Accuracy: 94.845361, Detected number: 9, Expected: 0009
# 195. Accuracy: 94.871795, Detected number: 0, Expected: 0000
# 196. Accuracy: 94.897959, Detected number: 3, Expected: 0003
# 197. Accuracy: 94.923858, Detected number: 1, Expected: 0001
# 198. Accuracy: 94.949495, Detected number: 6, Expected: 0006
# 199. Accuracy: 94.974874, Detected number: 4, Expected: 0004
# 200. Accuracy: 95.000000, Detected number: 2, Expected: 0002
# 201. Accuracy: 95.024876, Detected number: 3, Expected: 0003
# 202. Accuracy: 95.049505, Detected number: 6, Expected: 0006
# 203. Accuracy: 95.073892, Detected number: 1, Expected: 0001
# 204. Accuracy: 95.098039, Detected number: 1, Expected: 0001
# 205. Accuracy: 95.121951, Detected number: 1, Expected: 0001
# 206. Accuracy: 95.145631, Detected number: 3, Expected: 0003
# 207. Accuracy: 95.169082, Detected number: 9, Expected: 0009
# 208. Accuracy: 95.192308, Detected number: 5, Expected: 0005
# 209. Accuracy: 95.215311, Detected number: 2, Expected: 0002
# 210. Accuracy: 95.238095, Detected number: 9, Expected: 0009
# 211. Accuracy: 95.260664, Detected number: 4, Expected: 0004
# 212. Accuracy: 95.283019, Detected number: 5, Expected: 0005
# 213. Accuracy: 95.305164, Detected number: 9, Expected: 0009
# 214. Accuracy: 95.327103, Detected number: 3, Expected: 0003
# 215. Accuracy: 95.348837, Detected number: 9, Expected: 0009
# 216. Accuracy: 95.370370, Detected number: 0, Expected: 0000
# 217. Accuracy: 95.391705, Detected number: 3, Expected: 0003
# 218. Accuracy: 94.954128, Detected number: 5, Expected: 0006
# 219. Accuracy: 94.977169, Detected number: 5, Expected: 0005
# 220. Accuracy: 95.000000, Detected number: 5, Expected: 0005
# 221. Accuracy: 95.022624, Detected number: 7, Expected: 0007
# 222. Accuracy: 95.045045, Detected number: 2, Expected: 0002
# 223. Accuracy: 95.067265, Detected number: 2, Expected: 0002
# 224. Accuracy: 95.089286, Detected number: 7, Expected: 0007
# 225. Accuracy: 95.111111, Detected number: 1, Expected: 0001
# 226. Accuracy: 95.132743, Detected number: 2, Expected: 0002
# 227. Accuracy: 95.154185, Detected number: 8, Expected: 0008
# 228. Accuracy: 95.175439, Detected number: 4, Expected: 0004
# 229. Accuracy: 95.196507, Detected number: 1, Expected: 0001
# 230. Accuracy: 95.217391, Detected number: 7, Expected: 0007
# 231. Accuracy: 95.238095, Detected number: 3, Expected: 0003
# 232. Accuracy: 95.258621, Detected number: 3, Expected: 0003
# 233. Accuracy: 95.278970, Detected number: 8, Expected: 0008
# 234. Accuracy: 95.299145, Detected number: 8, Expected: 0008
# 235. Accuracy: 95.319149, Detected number: 7, Expected: 0007
# 236. Accuracy: 95.338983, Detected number: 9, Expected: 0009
# 237. Accuracy: 95.358650, Detected number: 2, Expected: 0002
# 238. Accuracy: 95.378151, Detected number: 2, Expected: 0002
# 239. Accuracy: 95.397490, Detected number: 4, Expected: 0004
# 240. Accuracy: 95.416667, Detected number: 1, Expected: 0001
# 241. Accuracy: 95.435685, Detected number: 5, Expected: 0005
# 242. Accuracy: 95.041322, Detected number: 8, Expected: 0009
# 243. Accuracy: 95.061728, Detected number: 8, Expected: 0008
# 244. Accuracy: 95.081967, Detected number: 7, Expected: 0007
# 245. Accuracy: 95.102041, Detected number: 2, Expected: 0002
# 246. Accuracy: 95.121951, Detected number: 3, Expected: 0003
# 247. Accuracy: 95.141700, Detected number: 0, Expected: 0000
# 248. Accuracy: 95.161290, Detected number: 4, Expected: 0004
# 249. Accuracy: 95.180723, Detected number: 4, Expected: 0004
# 250. Accuracy: 95.200000, Detected number: 2, Expected: 0002
# 251. Accuracy: 95.219124, Detected number: 4, Expected: 0004
# 252. Accuracy: 95.238095, Detected number: 1, Expected: 0001
# 253. Accuracy: 95.256917, Detected number: 9, Expected: 0009
# 254. Accuracy: 95.275591, Detected number: 5, Expected: 0005
# 255. Accuracy: 95.294118, Detected number: 7, Expected: 0007
# 256. Accuracy: 95.312500, Detected number: 7, Expected: 0007
# 257. Accuracy: 95.330739, Detected number: 2, Expected: 0002
# 258. Accuracy: 95.348837, Detected number: 8, Expected: 0008
# 259. Accuracy: 95.366795, Detected number: 2, Expected: 0002
# 260. Accuracy: 95.000000, Detected number: 0, Expected: 0006
# 261. Accuracy: 95.019157, Detected number: 8, Expected: 0008
# 262. Accuracy: 95.038168, Detected number: 5, Expected: 0005
# 263. Accuracy: 95.057034, Detected number: 7, Expected: 0007
# 264. Accuracy: 95.075758, Detected number: 7, Expected: 0007
# 265. Accuracy: 95.094340, Detected number: 9, Expected: 0009
# 266. Accuracy: 95.112782, Detected number: 1, Expected: 0001
# 267. Accuracy: 95.131086, Detected number: 8, Expected: 0008
# 268. Accuracy: 95.149254, Detected number: 1, Expected: 0001
# 269. Accuracy: 95.167286, Detected number: 8, Expected: 0008
# 270. Accuracy: 95.185185, Detected number: 0, Expected: 0000
# 271. Accuracy: 95.202952, Detected number: 3, Expected: 0003
# 272. Accuracy: 95.220588, Detected number: 0, Expected: 0000
# 273. Accuracy: 95.238095, Detected number: 1, Expected: 0001
# 274. Accuracy: 95.255474, Detected number: 9, Expected: 0009
# 275. Accuracy: 95.272727, Detected number: 9, Expected: 0009
# 276. Accuracy: 95.289855, Detected number: 4, Expected: 0004
# 277. Accuracy: 95.306859, Detected number: 1, Expected: 0001
# 278. Accuracy: 95.323741, Detected number: 8, Expected: 0008
# 279. Accuracy: 95.340502, Detected number: 2, Expected: 0002
# 280. Accuracy: 95.357143, Detected number: 1, Expected: 0001
# 281. Accuracy: 95.373665, Detected number: 2, Expected: 0002
# 282. Accuracy: 95.390071, Detected number: 9, Expected: 0009
# 283. Accuracy: 95.406360, Detected number: 7, Expected: 0007
# 284. Accuracy: 95.422535, Detected number: 5, Expected: 0005
# 285. Accuracy: 95.438596, Detected number: 9, Expected: 0009
# 286. Accuracy: 95.454545, Detected number: 2, Expected: 0002
# 287. Accuracy: 95.470383, Detected number: 6, Expected: 0006
# 288. Accuracy: 95.486111, Detected number: 4, Expected: 0004
# 289. Accuracy: 95.501730, Detected number: 1, Expected: 0001
# 290. Accuracy: 95.517241, Detected number: 5, Expected: 0005
# 291. Accuracy: 95.189003, Detected number: 4, Expected: 0008
# 292. Accuracy: 94.863014, Detected number: 5, Expected: 0002
# 293. Accuracy: 94.880546, Detected number: 9, Expected: 0009
# 294. Accuracy: 94.897959, Detected number: 2, Expected: 0002
# 295. Accuracy: 94.915254, Detected number: 0, Expected: 0000
# 296. Accuracy: 94.932432, Detected number: 4, Expected: 0004
# 297. Accuracy: 94.949495, Detected number: 0, Expected: 0000
# 298. Accuracy: 94.966443, Detected number: 0, Expected: 0000
# 299. Accuracy: 94.983278, Detected number: 2, Expected: 0002
# 300. Accuracy: 95.000000, Detected number: 8, Expected: 0008
# 301. Accuracy: 95.016611, Detected number: 4, Expected: 0004
# 302. Accuracy: 95.033113, Detected number: 7, Expected: 0007
# 303. Accuracy: 95.049505, Detected number: 1, Expected: 0001
# 304. Accuracy: 95.065789, Detected number: 2, Expected: 0002
# 305. Accuracy: 95.081967, Detected number: 4, Expected: 0004
# 306. Accuracy: 94.771242, Detected number: 5, Expected: 0000
# 307. Accuracy: 94.788274, Detected number: 2, Expected: 0002
# 308. Accuracy: 94.805195, Detected number: 7, Expected: 0007
# 309. Accuracy: 94.822006, Detected number: 4, Expected: 0004
# 310. Accuracy: 94.516129, Detected number: 5, Expected: 0003
# 311. Accuracy: 94.533762, Detected number: 3, Expected: 0003
# 312. Accuracy: 94.551282, Detected number: 0, Expected: 0000
# 313. Accuracy: 94.568690, Detected number: 0, Expected: 0000
# 314. Accuracy: 94.585987, Detected number: 3, Expected: 0003
# 315. Accuracy: 94.603175, Detected number: 1, Expected: 0001
# 316. Accuracy: 94.620253, Detected number: 9, Expected: 0009
# 317. Accuracy: 94.637224, Detected number: 6, Expected: 0006
# 318. Accuracy: 94.654088, Detected number: 5, Expected: 0005
# 319. Accuracy: 94.670846, Detected number: 2, Expected: 0002
# 320. Accuracy: 94.687500, Detected number: 5, Expected: 0005
# 321. Accuracy: 94.392523, Detected number: 8, Expected: 0009
# 322. Accuracy: 94.099379, Detected number: 7, Expected: 0002
# 323. Accuracy: 94.117647, Detected number: 9, Expected: 0009
# 324. Accuracy: 94.135802, Detected number: 3, Expected: 0003
# 325. Accuracy: 94.153846, Detected number: 0, Expected: 0000
# 326. Accuracy: 94.171779, Detected number: 4, Expected: 0004
# 327. Accuracy: 94.189602, Detected number: 2, Expected: 0002
# 328. Accuracy: 94.207317, Detected number: 0, Expected: 0000
# 329. Accuracy: 94.224924, Detected number: 7, Expected: 0007
# 330. Accuracy: 94.242424, Detected number: 1, Expected: 0001
# 331. Accuracy: 94.259819, Detected number: 1, Expected: 0001
# 332. Accuracy: 94.277108, Detected number: 2, Expected: 0002
# 333. Accuracy: 94.294294, Detected number: 1, Expected: 0001
# 334. Accuracy: 94.311377, Detected number: 5, Expected: 0005
# 335. Accuracy: 94.328358, Detected number: 3, Expected: 0003
# 336. Accuracy: 94.345238, Detected number: 3, Expected: 0003
# 337. Accuracy: 94.362018, Detected number: 9, Expected: 0009
# 338. Accuracy: 94.378698, Detected number: 7, Expected: 0007
# 339. Accuracy: 94.395280, Detected number: 8, Expected: 0008
# 340. Accuracy: 94.117647, Detected number: 8, Expected: 0006
# 341. Accuracy: 94.134897, Detected number: 5, Expected: 0005
# 342. Accuracy: 94.152047, Detected number: 6, Expected: 0006
# 343. Accuracy: 94.169096, Detected number: 1, Expected: 0001
# 344. Accuracy: 94.186047, Detected number: 3, Expected: 0003
# 345. Accuracy: 94.202899, Detected number: 8, Expected: 0008
# 346. Accuracy: 94.219653, Detected number: 1, Expected: 0001
# 347. Accuracy: 94.236311, Detected number: 0, Expected: 0000
# 348. Accuracy: 94.252874, Detected number: 5, Expected: 0005
# 349. Accuracy: 94.269341, Detected number: 1, Expected: 0001
# 350. Accuracy: 94.285714, Detected number: 3, Expected: 0003
# 351. Accuracy: 94.301994, Detected number: 1, Expected: 0001
# 352. Accuracy: 94.318182, Detected number: 5, Expected: 0005
# 353. Accuracy: 94.334278, Detected number: 5, Expected: 0005
# 354. Accuracy: 94.350282, Detected number: 6, Expected: 0006
# 355. Accuracy: 94.366197, Detected number: 1, Expected: 0001
# 356. Accuracy: 94.382022, Detected number: 8, Expected: 0008
# 357. Accuracy: 94.397759, Detected number: 5, Expected: 0005
# 358. Accuracy: 94.413408, Detected number: 1, Expected: 0001
# 359. Accuracy: 94.428969, Detected number: 7, Expected: 0007
# 360. Accuracy: 94.166667, Detected number: 4, Expected: 0009
# 361. Accuracy: 94.182825, Detected number: 4, Expected: 0004
# 362. Accuracy: 94.198895, Detected number: 6, Expected: 0006
# 363. Accuracy: 94.214876, Detected number: 2, Expected: 0002
# 364. Accuracy: 94.230769, Detected number: 2, Expected: 0002
# 365. Accuracy: 94.246575, Detected number: 5, Expected: 0005
# 366. Accuracy: 94.262295, Detected number: 0, Expected: 0000
# 367. Accuracy: 94.277929, Detected number: 6, Expected: 0006
# 368. Accuracy: 94.293478, Detected number: 5, Expected: 0005
# 369. Accuracy: 94.308943, Detected number: 6, Expected: 0006
# 370. Accuracy: 94.324324, Detected number: 3, Expected: 0003
# 371. Accuracy: 94.339623, Detected number: 7, Expected: 0007
# 372. Accuracy: 94.354839, Detected number: 2, Expected: 0002
# 373. Accuracy: 94.369973, Detected number: 0, Expected: 0000
# 374. Accuracy: 94.385027, Detected number: 8, Expected: 0008
# 375. Accuracy: 94.400000, Detected number: 8, Expected: 0008
# 376. Accuracy: 94.414894, Detected number: 5, Expected: 0005
# 377. Accuracy: 94.429708, Detected number: 4, Expected: 0004
# 378. Accuracy: 94.444444, Detected number: 1, Expected: 0001
# 379. Accuracy: 94.459103, Detected number: 1, Expected: 0001
# 380. Accuracy: 94.473684, Detected number: 4, Expected: 0004
# 381. Accuracy: 94.488189, Detected number: 0, Expected: 0000
# 382. Accuracy: 94.240838, Detected number: 7, Expected: 0003
# 383. Accuracy: 94.255875, Detected number: 3, Expected: 0003
# 384. Accuracy: 94.270833, Detected number: 7, Expected: 0007
# 385. Accuracy: 94.285714, Detected number: 6, Expected: 0006
# 386. Accuracy: 94.300518, Detected number: 1, Expected: 0001
# 387. Accuracy: 94.315245, Detected number: 6, Expected: 0006
# 388. Accuracy: 94.329897, Detected number: 2, Expected: 0002
# 389. Accuracy: 94.344473, Detected number: 1, Expected: 0001
# 390. Accuracy: 94.358974, Detected number: 9, Expected: 0009
# 391. Accuracy: 94.373402, Detected number: 2, Expected: 0002
# 392. Accuracy: 94.387755, Detected number: 8, Expected: 0008
# 393. Accuracy: 94.402036, Detected number: 6, Expected: 0006
# 394. Accuracy: 94.416244, Detected number: 1, Expected: 0001
# 395. Accuracy: 94.430380, Detected number: 9, Expected: 0009
# 396. Accuracy: 94.444444, Detected number: 5, Expected: 0005
# 397. Accuracy: 94.458438, Detected number: 2, Expected: 0002
# 398. Accuracy: 94.472362, Detected number: 5, Expected: 0005
# 399. Accuracy: 94.486216, Detected number: 4, Expected: 0004
# 400. Accuracy: 94.500000, Detected number: 4, Expected: 0004
# 401. Accuracy: 94.513716, Detected number: 2, Expected: 0002
# 402. Accuracy: 94.527363, Detected number: 8, Expected: 0008
# 403. Accuracy: 94.540943, Detected number: 3, Expected: 0003
# 404. Accuracy: 94.554455, Detected number: 8, Expected: 0008
# 405. Accuracy: 94.567901, Detected number: 2, Expected: 0002
# 406. Accuracy: 94.581281, Detected number: 4, Expected: 0004
# 407. Accuracy: 94.594595, Detected number: 5, Expected: 0005
# 408. Accuracy: 94.607843, Detected number: 0, Expected: 0000
# 409. Accuracy: 94.376528, Detected number: 5, Expected: 0003
# 410. Accuracy: 94.390244, Detected number: 1, Expected: 0001
# 411. Accuracy: 94.403893, Detected number: 7, Expected: 0007
# 412. Accuracy: 94.417476, Detected number: 7, Expected: 0007
# 413. Accuracy: 94.430993, Detected number: 5, Expected: 0005
# 414. Accuracy: 94.444444, Detected number: 7, Expected: 0007
# 415. Accuracy: 94.457831, Detected number: 9, Expected: 0009
# 416. Accuracy: 94.471154, Detected number: 7, Expected: 0007
# 417. Accuracy: 94.484412, Detected number: 1, Expected: 0001
# 418. Accuracy: 94.497608, Detected number: 9, Expected: 0009
# 419. Accuracy: 94.510740, Detected number: 2, Expected: 0002
# 420. Accuracy: 94.523810, Detected number: 1, Expected: 0001
# 421. Accuracy: 94.536817, Detected number: 4, Expected: 0004
# 422. Accuracy: 94.549763, Detected number: 2, Expected: 0002
# 423. Accuracy: 94.562648, Detected number: 9, Expected: 0009
# 424. Accuracy: 94.575472, Detected number: 2, Expected: 0002
# 425. Accuracy: 94.588235, Detected number: 0, Expected: 0000
# 426. Accuracy: 94.600939, Detected number: 4, Expected: 0004
# 427. Accuracy: 94.613583, Detected number: 9, Expected: 0009
# 428. Accuracy: 94.626168, Detected number: 1, Expected: 0001
# 429. Accuracy: 94.638695, Detected number: 4, Expected: 0004
# 430. Accuracy: 94.651163, Detected number: 8, Expected: 0008
# 431. Accuracy: 94.663573, Detected number: 1, Expected: 0001
# 432. Accuracy: 94.675926, Detected number: 8, Expected: 0008
# 433. Accuracy: 94.688222, Detected number: 4, Expected: 0004
# 434. Accuracy: 94.700461, Detected number: 5, Expected: 0005
# 435. Accuracy: 94.712644, Detected number: 9, Expected: 0009
# 436. Accuracy: 94.724771, Detected number: 8, Expected: 0008
# 437. Accuracy: 94.736842, Detected number: 8, Expected: 0008
# 438. Accuracy: 94.520548, Detected number: 5, Expected: 0003
# 439. Accuracy: 94.533030, Detected number: 7, Expected: 0007
# 440. Accuracy: 94.545455, Detected number: 6, Expected: 0006
# 441. Accuracy: 94.557823, Detected number: 0, Expected: 0000
# 442. Accuracy: 94.570136, Detected number: 0, Expected: 0000
# 443. Accuracy: 94.582393, Detected number: 3, Expected: 0003
# 444. Accuracy: 94.594595, Detected number: 0, Expected: 0000
# 445. Accuracy: 94.606742, Detected number: 2, Expected: 0002
# 446. Accuracy: 94.394619, Detected number: 0, Expected: 0006
# 447. Accuracy: 94.183445, Detected number: 8, Expected: 0006
# 448. Accuracy: 93.973214, Detected number: 9, Expected: 0004
# 449. Accuracy: 93.763920, Detected number: 8, Expected: 0009
# 450. Accuracy: 93.555556, Detected number: 5, Expected: 0003
# 451. Accuracy: 93.569845, Detected number: 3, Expected: 0003
# 452. Accuracy: 93.584071, Detected number: 3, Expected: 0003
# 453. Accuracy: 93.598234, Detected number: 2, Expected: 0002
# 454. Accuracy: 93.612335, Detected number: 3, Expected: 0003
# 455. Accuracy: 93.626374, Detected number: 9, Expected: 0009
# 456. Accuracy: 93.640351, Detected number: 1, Expected: 0001
# 457. Accuracy: 93.654267, Detected number: 2, Expected: 0002
# 458. Accuracy: 93.668122, Detected number: 6, Expected: 0006
# 459. Accuracy: 93.681917, Detected number: 8, Expected: 0008
# 460. Accuracy: 93.695652, Detected number: 0, Expected: 0000
# 461. Accuracy: 93.709328, Detected number: 5, Expected: 0005
# 462. Accuracy: 93.506494, Detected number: 4, Expected: 0006
# 463. Accuracy: 93.304536, Detected number: 5, Expected: 0006
# 464. Accuracy: 93.318966, Detected number: 6, Expected: 0006
# 465. Accuracy: 93.118280, Detected number: 7, Expected: 0003
# 466. Accuracy: 93.133047, Detected number: 8, Expected: 0008
# 467. Accuracy: 93.147752, Detected number: 8, Expected: 0008
# 468. Accuracy: 93.162393, Detected number: 2, Expected: 0002
# 469. Accuracy: 93.176972, Detected number: 7, Expected: 0007
# 470. Accuracy: 93.191489, Detected number: 5, Expected: 0005
# 471. Accuracy: 93.205945, Detected number: 8, Expected: 0008
# 472. Accuracy: 93.220339, Detected number: 9, Expected: 0009
# 473. Accuracy: 93.023256, Detected number: 4, Expected: 0006
# 474. Accuracy: 93.037975, Detected number: 1, Expected: 0001
# 475. Accuracy: 93.052632, Detected number: 8, Expected: 0008
# 476. Accuracy: 93.067227, Detected number: 4, Expected: 0004
# 477. Accuracy: 93.081761, Detected number: 1, Expected: 0001
# 478. Accuracy: 93.096234, Detected number: 2, Expected: 0002
# 479. Accuracy: 93.110647, Detected number: 5, Expected: 0005
# 480. Accuracy: 92.916667, Detected number: 5, Expected: 0009
# 481. Accuracy: 92.931393, Detected number: 1, Expected: 0001
# 482. Accuracy: 92.946058, Detected number: 9, Expected: 0009
# 483. Accuracy: 92.960663, Detected number: 7, Expected: 0007
# 484. Accuracy: 92.975207, Detected number: 5, Expected: 0005
# 485. Accuracy: 92.989691, Detected number: 4, Expected: 0004
# 486. Accuracy: 93.004115, Detected number: 0, Expected: 0000
# 487. Accuracy: 93.018480, Detected number: 8, Expected: 0008
# 488. Accuracy: 93.032787, Detected number: 9, Expected: 0009
# 489. Accuracy: 93.047035, Detected number: 9, Expected: 0009
# 490. Accuracy: 93.061224, Detected number: 1, Expected: 0001
# 491. Accuracy: 93.075356, Detected number: 0, Expected: 0000
# 492. Accuracy: 93.089431, Detected number: 5, Expected: 0005
# 493. Accuracy: 93.103448, Detected number: 2, Expected: 0002
# 494. Accuracy: 92.914980, Detected number: 5, Expected: 0003
# 495. Accuracy: 92.929293, Detected number: 7, Expected: 0007
# 496. Accuracy: 92.741935, Detected number: 0, Expected: 0008
# 497. Accuracy: 92.756539, Detected number: 9, Expected: 0009
# 498. Accuracy: 92.771084, Detected number: 4, Expected: 0004
# 499. Accuracy: 92.785571, Detected number: 0, Expected: 0000
# 500. Accuracy: 92.800000, Detected number: 6, Expected: 0006
# 501. Accuracy: 92.814371, Detected number: 3, Expected: 0003
# 502. Accuracy: 92.828685, Detected number: 9, Expected: 0009
# 503. Accuracy: 92.842942, Detected number: 5, Expected: 0005
# 504. Accuracy: 92.857143, Detected number: 2, Expected: 0002
# 505. Accuracy: 92.871287, Detected number: 1, Expected: 0001
# 506. Accuracy: 92.687747, Detected number: 5, Expected: 0003
# 507. Accuracy: 92.702170, Detected number: 1, Expected: 0001
# 508. Accuracy: 92.716535, Detected number: 3, Expected: 0003
# 509. Accuracy: 92.534381, Detected number: 8, Expected: 0006
# 510. Accuracy: 92.549020, Detected number: 5, Expected: 0005
# 511. Accuracy: 92.563601, Detected number: 7, Expected: 0007
# 512. Accuracy: 92.578125, Detected number: 4, Expected: 0004
# 513. Accuracy: 92.592593, Detected number: 2, Expected: 0002
# 514. Accuracy: 92.607004, Detected number: 2, Expected: 0002
# 515. Accuracy: 92.427184, Detected number: 4, Expected: 0006
# 516. Accuracy: 92.441860, Detected number: 3, Expected: 0003
# 517. Accuracy: 92.456480, Detected number: 2, Expected: 0002
# 518. Accuracy: 92.471042, Detected number: 6, Expected: 0006
# 519. Accuracy: 92.485549, Detected number: 5, Expected: 0005
# 520. Accuracy: 92.500000, Detected number: 4, Expected: 0004
# 521. Accuracy: 92.514395, Detected number: 8, Expected: 0008
# 522. Accuracy: 92.528736, Detected number: 9, Expected: 0009
# 523. Accuracy: 92.543021, Detected number: 7, Expected: 0007
# 524. Accuracy: 92.557252, Detected number: 1, Expected: 0001
# 525. Accuracy: 92.380952, Detected number: 5, Expected: 0003
# 526. Accuracy: 92.395437, Detected number: 0, Expected: 0000
# 527. Accuracy: 92.409867, Detected number: 3, Expected: 0003
# 528. Accuracy: 92.424242, Detected number: 8, Expected: 0008
# 529. Accuracy: 92.438563, Detected number: 3, Expected: 0003
# 530. Accuracy: 92.452830, Detected number: 1, Expected: 0001
# 531. Accuracy: 92.278719, Detected number: 4, Expected: 0009
# 532. Accuracy: 92.105263, Detected number: 2, Expected: 0003
# 533. Accuracy: 92.120075, Detected number: 4, Expected: 0004
# 534. Accuracy: 92.134831, Detected number: 4, Expected: 0004
# 535. Accuracy: 92.149533, Detected number: 6, Expected: 0006
# 536. Accuracy: 92.164179, Detected number: 4, Expected: 0004
# 537. Accuracy: 92.178771, Detected number: 2, Expected: 0002
# 538. Accuracy: 92.193309, Detected number: 1, Expected: 0001
# 539. Accuracy: 92.207792, Detected number: 8, Expected: 0008
# 540. Accuracy: 92.222222, Detected number: 2, Expected: 0002
# 541. Accuracy: 92.236599, Detected number: 5, Expected: 0005
# 542. Accuracy: 92.250923, Detected number: 4, Expected: 0004
# 543. Accuracy: 92.265193, Detected number: 8, Expected: 0008
# 544. Accuracy: 92.095588, Detected number: 0, Expected: 0008
# 545. Accuracy: 92.110092, Detected number: 4, Expected: 0004
# 546. Accuracy: 92.124542, Detected number: 0, Expected: 0000
# 547. Accuracy: 92.138940, Detected number: 0, Expected: 0000
# 548. Accuracy: 91.970803, Detected number: 8, Expected: 0002
# 549. Accuracy: 91.985428, Detected number: 3, Expected: 0003
# 550. Accuracy: 92.000000, Detected number: 2, Expected: 0002
# 551. Accuracy: 92.014519, Detected number: 7, Expected: 0007
# 552. Accuracy: 92.028986, Detected number: 7, Expected: 0007
# 553. Accuracy: 92.043400, Detected number: 0, Expected: 0000
# 554. Accuracy: 92.057762, Detected number: 8, Expected: 0008
# 555. Accuracy: 92.072072, Detected number: 7, Expected: 0007
# 556. Accuracy: 92.086331, Detected number: 4, Expected: 0004
# 557. Accuracy: 92.100539, Detected number: 4, Expected: 0004
# 558. Accuracy: 92.114695, Detected number: 7, Expected: 0007
# 559. Accuracy: 92.128801, Detected number: 9, Expected: 0009
# 560. Accuracy: 92.142857, Detected number: 6, Expected: 0006
# 561. Accuracy: 92.156863, Detected number: 9, Expected: 0009
# 562. Accuracy: 92.170819, Detected number: 0, Expected: 0000
# 563. Accuracy: 92.184725, Detected number: 9, Expected: 0009
# 564. Accuracy: 92.198582, Detected number: 8, Expected: 0008
# 565. Accuracy: 92.212389, Detected number: 0, Expected: 0000
# 566. Accuracy: 92.226148, Detected number: 4, Expected: 0004
# 567. Accuracy: 92.239859, Detected number: 6, Expected: 0006
# 568. Accuracy: 92.253521, Detected number: 0, Expected: 0000
# 569. Accuracy: 92.091388, Detected number: 8, Expected: 0006
# 570. Accuracy: 91.929825, Detected number: 5, Expected: 0003
# 571. Accuracy: 91.943958, Detected number: 5, Expected: 0005
# 572. Accuracy: 91.958042, Detected number: 4, Expected: 0004
# 573. Accuracy: 91.972077, Detected number: 8, Expected: 0008
# 574. Accuracy: 91.986063, Detected number: 3, Expected: 0003
# 575. Accuracy: 92.000000, Detected number: 3, Expected: 0003
# 576. Accuracy: 91.840278, Detected number: 4, Expected: 0009
# 577. Accuracy: 91.854419, Detected number: 3, Expected: 0003
# 578. Accuracy: 91.868512, Detected number: 3, Expected: 0003
# 579. Accuracy: 91.709845, Detected number: 2, Expected: 0003
# 580. Accuracy: 91.724138, Detected number: 7, Expected: 0007
# 581. Accuracy: 91.738382, Detected number: 8, Expected: 0008
# 582. Accuracy: 91.752577, Detected number: 0, Expected: 0000
# 583. Accuracy: 91.595197, Detected number: 2, Expected: 0008
# 584. Accuracy: 91.438356, Detected number: 8, Expected: 0002
# 585. Accuracy: 91.452991, Detected number: 1, Expected: 0001
# 586. Accuracy: 91.467577, Detected number: 7, Expected: 0007
# 587. Accuracy: 91.482112, Detected number: 0, Expected: 0000
# 588. Accuracy: 91.496599, Detected number: 6, Expected: 0006
# 589. Accuracy: 91.511036, Detected number: 5, Expected: 0005
# 590. Accuracy: 91.525424, Detected number: 4, Expected: 0004
# 591. Accuracy: 91.370558, Detected number: 5, Expected: 0003
# 592. Accuracy: 91.385135, Detected number: 8, Expected: 0008
# 593. Accuracy: 91.399663, Detected number: 0, Expected: 0000
# 594. Accuracy: 91.414141, Detected number: 9, Expected: 0009
# 595. Accuracy: 91.428571, Detected number: 6, Expected: 0006
# 596. Accuracy: 91.442953, Detected number: 3, Expected: 0003
# 597. Accuracy: 91.457286, Detected number: 8, Expected: 0008
# 598. Accuracy: 91.304348, Detected number: 5, Expected: 0000
# 599. Accuracy: 91.318865, Detected number: 9, Expected: 0009
# 600. Accuracy: 91.333333, Detected number: 9, Expected: 0009
# 601. Accuracy: 91.347754, Detected number: 6, Expected: 0006
# 602. Accuracy: 91.362126, Detected number: 8, Expected: 0008
# 603. Accuracy: 91.376451, Detected number: 6, Expected: 0006
# 604. Accuracy: 91.390728, Detected number: 8, Expected: 0008
# 605. Accuracy: 91.404959, Detected number: 5, Expected: 0005
# 606. Accuracy: 91.419142, Detected number: 7, Expected: 0007
# 607. Accuracy: 91.433278, Detected number: 8, Expected: 0008
# 608. Accuracy: 91.447368, Detected number: 6, Expected: 0006
# 609. Accuracy: 91.461412, Detected number: 0, Expected: 0000
# 610. Accuracy: 91.475410, Detected number: 2, Expected: 0002
# 611. Accuracy: 91.325696, Detected number: 6, Expected: 0004
# 612. Accuracy: 91.339869, Detected number: 0, Expected: 0000
# 613. Accuracy: 91.353997, Detected number: 2, Expected: 0002
# 614. Accuracy: 91.205212, Detected number: 8, Expected: 0002
# 615. Accuracy: 91.219512, Detected number: 3, Expected: 0003
# 616. Accuracy: 91.071429, Detected number: 2, Expected: 0001
# 617. Accuracy: 91.085900, Detected number: 9, Expected: 0009
# 618. Accuracy: 91.100324, Detected number: 7, Expected: 0007
# 619. Accuracy: 91.114701, Detected number: 5, Expected: 0005
# 620. Accuracy: 90.967742, Detected number: 8, Expected: 0001
# 621. Accuracy: 90.982287, Detected number: 0, Expected: 0000
# 622. Accuracy: 90.996785, Detected number: 8, Expected: 0008
# 623. Accuracy: 91.011236, Detected number: 4, Expected: 0004
# 624. Accuracy: 91.025641, Detected number: 6, Expected: 0006
# 625. Accuracy: 91.040000, Detected number: 2, Expected: 0002
# 626. Accuracy: 90.894569, Detected number: 4, Expected: 0006
# 627. Accuracy: 90.909091, Detected number: 7, Expected: 0007
# 628. Accuracy: 90.923567, Detected number: 9, Expected: 0009
# 629. Accuracy: 90.937997, Detected number: 3, Expected: 0003
# 630. Accuracy: 90.952381, Detected number: 2, Expected: 0002
# 631. Accuracy: 90.966719, Detected number: 9, Expected: 0009
# 632. Accuracy: 90.981013, Detected number: 8, Expected: 0008
# 633. Accuracy: 90.995261, Detected number: 2, Expected: 0002
# 634. Accuracy: 91.009464, Detected number: 2, Expected: 0002
# 635. Accuracy: 91.023622, Detected number: 9, Expected: 0009
# 636. Accuracy: 91.037736, Detected number: 2, Expected: 0002
# 637. Accuracy: 91.051805, Detected number: 7, Expected: 0007
# 638. Accuracy: 91.065831, Detected number: 3, Expected: 0003
# 639. Accuracy: 91.079812, Detected number: 5, Expected: 0005
# 640. Accuracy: 91.093750, Detected number: 9, Expected: 0009
# 641. Accuracy: 91.107644, Detected number: 1, Expected: 0001
# 642. Accuracy: 91.121495, Detected number: 8, Expected: 0008
# 643. Accuracy: 90.979782, Detected number: 5, Expected: 0000
# 644. Accuracy: 90.993789, Detected number: 2, Expected: 0002
# 645. Accuracy: 91.007752, Detected number: 0, Expected: 0000
# 646. Accuracy: 91.021672, Detected number: 5, Expected: 0005
# 647. Accuracy: 91.035549, Detected number: 2, Expected: 0002
# 648. Accuracy: 91.049383, Detected number: 1, Expected: 0001
# 649. Accuracy: 91.063174, Detected number: 3, Expected: 0003
# 650. Accuracy: 91.076923, Detected number: 7, Expected: 0007
# 651. Accuracy: 91.090630, Detected number: 6, Expected: 0006
# 652. Accuracy: 91.104294, Detected number: 7, Expected: 0007
# 653. Accuracy: 91.117917, Detected number: 1, Expected: 0001
# 654. Accuracy: 91.131498, Detected number: 2, Expected: 0002
# 655. Accuracy: 91.145038, Detected number: 5, Expected: 0005
# 656. Accuracy: 91.158537, Detected number: 8, Expected: 0008
# 657. Accuracy: 91.171994, Detected number: 0, Expected: 0000
# 658. Accuracy: 91.185410, Detected number: 3, Expected: 0003
# 659. Accuracy: 91.198786, Detected number: 7, Expected: 0007
# 660. Accuracy: 91.060606, Detected number: 8, Expected: 0002
# 661. Accuracy: 91.074130, Detected number: 4, Expected: 0004
# 662. Accuracy: 91.087613, Detected number: 0, Expected: 0000
# 663. Accuracy: 91.101056, Detected number: 9, Expected: 0009
# 664. Accuracy: 91.114458, Detected number: 1, Expected: 0001
# 665. Accuracy: 91.127820, Detected number: 8, Expected: 0008
# 666. Accuracy: 91.141141, Detected number: 6, Expected: 0006
# 667. Accuracy: 91.154423, Detected number: 7, Expected: 0007
# 668. Accuracy: 91.017964, Detected number: 2, Expected: 0007
# 669. Accuracy: 91.031390, Detected number: 4, Expected: 0004
# 670. Accuracy: 91.044776, Detected number: 3, Expected: 0003
# 671. Accuracy: 91.058122, Detected number: 4, Expected: 0004
# 672. Accuracy: 91.071429, Detected number: 9, Expected: 0009
# 673. Accuracy: 91.084695, Detected number: 1, Expected: 0001
# 674. Accuracy: 91.097923, Detected number: 9, Expected: 0009
# 675. Accuracy: 91.111111, Detected number: 5, Expected: 0005
# 676. Accuracy: 91.124260, Detected number: 1, Expected: 0001
# 677. Accuracy: 91.137371, Detected number: 7, Expected: 0007
# 678. Accuracy: 91.150442, Detected number: 3, Expected: 0003
# 679. Accuracy: 91.163476, Detected number: 9, Expected: 0009
# 680. Accuracy: 91.176471, Detected number: 7, Expected: 0007
# 681. Accuracy: 91.042584, Detected number: 4, Expected: 0006
# 682. Accuracy: 91.055718, Detected number: 9, Expected: 0009
# 683. Accuracy: 91.068814, Detected number: 1, Expected: 0001
# 684. Accuracy: 91.081871, Detected number: 3, Expected: 0003
# 685. Accuracy: 91.094891, Detected number: 7, Expected: 0007
# 686. Accuracy: 91.107872, Detected number: 8, Expected: 0008
# 687. Accuracy: 91.120815, Detected number: 3, Expected: 0003
# 688. Accuracy: 91.133721, Detected number: 3, Expected: 0003
# 689. Accuracy: 91.146589, Detected number: 6, Expected: 0006
# 690. Accuracy: 91.159420, Detected number: 7, Expected: 0007
# 691. Accuracy: 91.172214, Detected number: 2, Expected: 0002
# 692. Accuracy: 91.040462, Detected number: 4, Expected: 0008
# 693. Accuracy: 91.053391, Detected number: 5, Expected: 0005
# 694. Accuracy: 91.066282, Detected number: 8, Expected: 0008
# 695. Accuracy: 91.079137, Detected number: 5, Expected: 0005
# 696. Accuracy: 91.091954, Detected number: 1, Expected: 0001
# 697. Accuracy: 91.104735, Detected number: 1, Expected: 0001
# 698. Accuracy: 91.117479, Detected number: 4, Expected: 0004
# 699. Accuracy: 91.130186, Detected number: 4, Expected: 0004
# 700. Accuracy: 91.142857, Detected number: 3, Expected: 0003
# 701. Accuracy: 91.155492, Detected number: 1, Expected: 0001
# 702. Accuracy: 91.168091, Detected number: 0, Expected: 0000
# 703. Accuracy: 91.180654, Detected number: 7, Expected: 0007
# 704. Accuracy: 91.193182, Detected number: 7, Expected: 0007
# 705. Accuracy: 91.205674, Detected number: 0, Expected: 0000
# 706. Accuracy: 91.218130, Detected number: 7, Expected: 0007
# 707. Accuracy: 91.230552, Detected number: 9, Expected: 0009
# 708. Accuracy: 91.242938, Detected number: 4, Expected: 0004
# 709. Accuracy: 91.255289, Detected number: 4, Expected: 0004
# 710. Accuracy: 91.267606, Detected number: 8, Expected: 0008
# 711. Accuracy: 91.279887, Detected number: 5, Expected: 0005
# 712. Accuracy: 91.292135, Detected number: 5, Expected: 0005
# 713. Accuracy: 91.304348, Detected number: 4, Expected: 0004
# 714. Accuracy: 91.316527, Detected number: 0, Expected: 0000
# 715. Accuracy: 91.328671, Detected number: 8, Expected: 0008
# 716. Accuracy: 91.340782, Detected number: 2, Expected: 0002
# 717. Accuracy: 91.352859, Detected number: 1, Expected: 0001
# 718. Accuracy: 91.364903, Detected number: 0, Expected: 0000
# 719. Accuracy: 91.376912, Detected number: 8, Expected: 0008
# 720. Accuracy: 91.388889, Detected number: 4, Expected: 0004
# 721. Accuracy: 91.262136, Detected number: 8, Expected: 0005
# 722. Accuracy: 91.274238, Detected number: 0, Expected: 0000
# 723. Accuracy: 91.286307, Detected number: 4, Expected: 0004
# 724. Accuracy: 91.298343, Detected number: 0, Expected: 0000
# 725. Accuracy: 91.310345, Detected number: 6, Expected: 0006
# 726. Accuracy: 91.322314, Detected number: 1, Expected: 0001
# 727. Accuracy: 91.196699, Detected number: 9, Expected: 0007
# 728. Accuracy: 91.071429, Detected number: 5, Expected: 0003
# 729. Accuracy: 91.083676, Detected number: 2, Expected: 0002
# 730. Accuracy: 91.095890, Detected number: 6, Expected: 0006
# 731. Accuracy: 91.108071, Detected number: 7, Expected: 0007
# 732. Accuracy: 91.120219, Detected number: 2, Expected: 0002
# 733. Accuracy: 91.132333, Detected number: 6, Expected: 0006
# 734. Accuracy: 91.144414, Detected number: 9, Expected: 0009
# 735. Accuracy: 91.156463, Detected number: 3, Expected: 0003
# 736. Accuracy: 91.168478, Detected number: 1, Expected: 0001
# 737. Accuracy: 91.180461, Detected number: 4, Expected: 0004
# 738. Accuracy: 91.192412, Detected number: 6, Expected: 0006
# 739. Accuracy: 91.204330, Detected number: 2, Expected: 0002
# 740. Accuracy: 91.216216, Detected number: 5, Expected: 0005
# 741. Accuracy: 91.228070, Detected number: 4, Expected: 0004
# 742. Accuracy: 91.239892, Detected number: 2, Expected: 0002
# 743. Accuracy: 91.251682, Detected number: 0, Expected: 0000
# 744. Accuracy: 91.263441, Detected number: 6, Expected: 0006
# 745. Accuracy: 91.275168, Detected number: 2, Expected: 0002
# 746. Accuracy: 91.286863, Detected number: 1, Expected: 0001
# 747. Accuracy: 91.298527, Detected number: 7, Expected: 0007
# 748. Accuracy: 91.310160, Detected number: 3, Expected: 0003
# 749. Accuracy: 91.321762, Detected number: 4, Expected: 0004
# 750. Accuracy: 91.333333, Detected number: 1, Expected: 0001
# 751. Accuracy: 91.344874, Detected number: 0, Expected: 0000
# 752. Accuracy: 91.356383, Detected number: 5, Expected: 0005
# 753. Accuracy: 91.367862, Detected number: 4, Expected: 0004
# 754. Accuracy: 91.379310, Detected number: 3, Expected: 0003
# 755. Accuracy: 91.390728, Detected number: 1, Expected: 0001
# 756. Accuracy: 91.402116, Detected number: 1, Expected: 0001
# 757. Accuracy: 91.413474, Detected number: 7, Expected: 0007
# 758. Accuracy: 91.424802, Detected number: 4, Expected: 0004
# 759. Accuracy: 91.436100, Detected number: 9, Expected: 0009
# 760. Accuracy: 91.447368, Detected number: 9, Expected: 0009
# 761. Accuracy: 91.458607, Detected number: 4, Expected: 0004
# 762. Accuracy: 91.469816, Detected number: 8, Expected: 0008
# 763. Accuracy: 91.480996, Detected number: 4, Expected: 0004
# 764. Accuracy: 91.492147, Detected number: 0, Expected: 0000
# 765. Accuracy: 91.503268, Detected number: 2, Expected: 0002
# 766. Accuracy: 91.514360, Detected number: 4, Expected: 0004
# 767. Accuracy: 91.525424, Detected number: 5, Expected: 0005
# 768. Accuracy: 91.536458, Detected number: 1, Expected: 0001
# 769. Accuracy: 91.547464, Detected number: 1, Expected: 0001
# 770. Accuracy: 91.558442, Detected number: 6, Expected: 0006
# 771. Accuracy: 91.569390, Detected number: 4, Expected: 0004
# 772. Accuracy: 91.580311, Detected number: 7, Expected: 0007
# 773. Accuracy: 91.591203, Detected number: 1, Expected: 0001
# 774. Accuracy: 91.602067, Detected number: 9, Expected: 0009
# 775. Accuracy: 91.612903, Detected number: 4, Expected: 0004
# 776. Accuracy: 91.623711, Detected number: 2, Expected: 0002
# 777. Accuracy: 91.634492, Detected number: 4, Expected: 0004
# 778. Accuracy: 91.645244, Detected number: 1, Expected: 0001
# 779. Accuracy: 91.655969, Detected number: 5, Expected: 0005
# 780. Accuracy: 91.666667, Detected number: 5, Expected: 0005
# 781. Accuracy: 91.677337, Detected number: 3, Expected: 0003
# 782. Accuracy: 91.687980, Detected number: 8, Expected: 0008
# 783. Accuracy: 91.570881, Detected number: 5, Expected: 0003
# 784. Accuracy: 91.581633, Detected number: 1, Expected: 0001
# 785. Accuracy: 91.592357, Detected number: 4, Expected: 0004
# 786. Accuracy: 91.603053, Detected number: 5, Expected: 0005
# 787. Accuracy: 91.613723, Detected number: 6, Expected: 0006
# 788. Accuracy: 91.624365, Detected number: 8, Expected: 0008
# 789. Accuracy: 91.634981, Detected number: 9, Expected: 0009
# 790. Accuracy: 91.645570, Detected number: 4, Expected: 0004
# 791. Accuracy: 91.656131, Detected number: 1, Expected: 0001
# 792. Accuracy: 91.666667, Detected number: 5, Expected: 0005
# 793. Accuracy: 91.677175, Detected number: 3, Expected: 0003
# 794. Accuracy: 91.687657, Detected number: 8, Expected: 0008
# 795. Accuracy: 91.698113, Detected number: 0, Expected: 0000
# 796. Accuracy: 91.582915, Detected number: 1, Expected: 0003
# 797. Accuracy: 91.593476, Detected number: 2, Expected: 0002
# 798. Accuracy: 91.604010, Detected number: 5, Expected: 0005
# 799. Accuracy: 91.614518, Detected number: 1, Expected: 0001
# 800. Accuracy: 91.625000, Detected number: 2, Expected: 0002
# 801. Accuracy: 91.635456, Detected number: 8, Expected: 0008
# 802. Accuracy: 91.645885, Detected number: 3, Expected: 0003
# 803. Accuracy: 91.656289, Detected number: 4, Expected: 0004
# 804. Accuracy: 91.666667, Detected number: 4, Expected: 0004
# 805. Accuracy: 91.677019, Detected number: 0, Expected: 0000
# 806. Accuracy: 91.687345, Detected number: 8, Expected: 0008
# 807. Accuracy: 91.697646, Detected number: 8, Expected: 0008
# 808. Accuracy: 91.584158, Detected number: 5, Expected: 0003
# 809. Accuracy: 91.594561, Detected number: 3, Expected: 0003
# 810. Accuracy: 91.604938, Detected number: 1, Expected: 0001
# 811. Accuracy: 91.491985, Detected number: 2, Expected: 0007
# 812. Accuracy: 91.502463, Detected number: 3, Expected: 0003
# 813. Accuracy: 91.512915, Detected number: 5, Expected: 0005
# 814. Accuracy: 91.400491, Detected number: 8, Expected: 0009
# 815. Accuracy: 91.411043, Detected number: 6, Expected: 0006
# 816. Accuracy: 91.421569, Detected number: 3, Expected: 0003
# 817. Accuracy: 91.432069, Detected number: 2, Expected: 0002
# 818. Accuracy: 91.442543, Detected number: 6, Expected: 0006
# 819. Accuracy: 91.452991, Detected number: 1, Expected: 0001
# 820. Accuracy: 91.341463, Detected number: 5, Expected: 0003
# 821. Accuracy: 91.352010, Detected number: 6, Expected: 0006
# 822. Accuracy: 91.362530, Detected number: 0, Expected: 0000
# 823. Accuracy: 91.373026, Detected number: 7, Expected: 0007
# 824. Accuracy: 91.383495, Detected number: 2, Expected: 0002
# 825. Accuracy: 91.393939, Detected number: 1, Expected: 0001
# 826. Accuracy: 91.404358, Detected number: 7, Expected: 0007
# 827. Accuracy: 91.414752, Detected number: 1, Expected: 0001
# 828. Accuracy: 91.425121, Detected number: 4, Expected: 0004
# 829. Accuracy: 91.435464, Detected number: 2, Expected: 0002
# 830. Accuracy: 91.445783, Detected number: 4, Expected: 0004
# 831. Accuracy: 91.456077, Detected number: 2, Expected: 0002
# 832. Accuracy: 91.466346, Detected number: 1, Expected: 0001
# 833. Accuracy: 91.476591, Detected number: 7, Expected: 0007
# 834. Accuracy: 91.486811, Detected number: 9, Expected: 0009
# 835. Accuracy: 91.497006, Detected number: 6, Expected: 0006
# 836. Accuracy: 91.507177, Detected number: 1, Expected: 0001
# 837. Accuracy: 91.517324, Detected number: 1, Expected: 0001
# 838. Accuracy: 91.527446, Detected number: 2, Expected: 0002
# 839. Accuracy: 91.537545, Detected number: 4, Expected: 0004
# 840. Accuracy: 91.547619, Detected number: 8, Expected: 0008
# 841. Accuracy: 91.557669, Detected number: 1, Expected: 0001
# 842. Accuracy: 91.567696, Detected number: 7, Expected: 0007
# 843. Accuracy: 91.577699, Detected number: 7, Expected: 0007
# 844. Accuracy: 91.587678, Detected number: 4, Expected: 0004
# 845. Accuracy: 91.597633, Detected number: 8, Expected: 0008
# 846. Accuracy: 91.607565, Detected number: 0, Expected: 0000
# 847. Accuracy: 91.499410, Detected number: 9, Expected: 0007
# 848. Accuracy: 91.391509, Detected number: 5, Expected: 0003
# 849. Accuracy: 91.401649, Detected number: 1, Expected: 0001
# 850. Accuracy: 91.294118, Detected number: 5, Expected: 0003
# 851. Accuracy: 91.304348, Detected number: 1, Expected: 0001
# 852. Accuracy: 91.314554, Detected number: 0, Expected: 0000
# 853. Accuracy: 91.324736, Detected number: 7, Expected: 0007
# 854. Accuracy: 91.334895, Detected number: 7, Expected: 0007
# 855. Accuracy: 91.345029, Detected number: 0, Expected: 0000
# 856. Accuracy: 91.355140, Detected number: 3, Expected: 0003
# 857. Accuracy: 91.365228, Detected number: 5, Expected: 0005
# 858. Accuracy: 91.375291, Detected number: 5, Expected: 0005
# 859. Accuracy: 91.385332, Detected number: 2, Expected: 0002
# 860. Accuracy: 91.395349, Detected number: 7, Expected: 0007
# 861. Accuracy: 91.405343, Detected number: 6, Expected: 0006
# 862. Accuracy: 91.415313, Detected number: 6, Expected: 0006
# 863. Accuracy: 91.425261, Detected number: 9, Expected: 0009
# 864. Accuracy: 91.435185, Detected number: 2, Expected: 0002
# 865. Accuracy: 91.445087, Detected number: 8, Expected: 0008
# 866. Accuracy: 91.454965, Detected number: 3, Expected: 0003
# 867. Accuracy: 91.464821, Detected number: 5, Expected: 0005
# 868. Accuracy: 91.474654, Detected number: 2, Expected: 0002
# 869. Accuracy: 91.484465, Detected number: 2, Expected: 0002
# 870. Accuracy: 91.494253, Detected number: 5, Expected: 0005
# 871. Accuracy: 91.389208, Detected number: 8, Expected: 0006
# 872. Accuracy: 91.399083, Detected number: 0, Expected: 0000
# 873. Accuracy: 91.408935, Detected number: 8, Expected: 0008
# 874. Accuracy: 91.418764, Detected number: 2, Expected: 0002
# 875. Accuracy: 91.428571, Detected number: 9, Expected: 0009
# 876. Accuracy: 91.438356, Detected number: 2, Expected: 0002
# 877. Accuracy: 91.448119, Detected number: 8, Expected: 0008
# 878. Accuracy: 91.457859, Detected number: 8, Expected: 0008
# 879. Accuracy: 91.467577, Detected number: 8, Expected: 0008
# 880. Accuracy: 91.477273, Detected number: 8, Expected: 0008
# 881. Accuracy: 91.486947, Detected number: 7, Expected: 0007
# 882. Accuracy: 91.496599, Detected number: 4, Expected: 0004
# 883. Accuracy: 91.506229, Detected number: 9, Expected: 0009
# 884. Accuracy: 91.515837, Detected number: 3, Expected: 0003
# 885. Accuracy: 91.525424, Detected number: 0, Expected: 0000
# 886. Accuracy: 91.534989, Detected number: 6, Expected: 0006
# 887. Accuracy: 91.544532, Detected number: 6, Expected: 0006
# 888. Accuracy: 91.554054, Detected number: 3, Expected: 0003
# 889. Accuracy: 91.563555, Detected number: 2, Expected: 0002
# 890. Accuracy: 91.573034, Detected number: 1, Expected: 0001
# 891. Accuracy: 91.470258, Detected number: 5, Expected: 0003
# 892. Accuracy: 91.479821, Detected number: 2, Expected: 0002
# 893. Accuracy: 91.489362, Detected number: 2, Expected: 0002
# 894. Accuracy: 91.498881, Detected number: 9, Expected: 0009
# 895. Accuracy: 91.508380, Detected number: 3, Expected: 0003
# 896. Accuracy: 91.517857, Detected number: 0, Expected: 0000
# 897. Accuracy: 91.527313, Detected number: 0, Expected: 0000
# 898. Accuracy: 91.536748, Detected number: 5, Expected: 0005
# 899. Accuracy: 91.546162, Detected number: 7, Expected: 0007
# 900. Accuracy: 91.555556, Detected number: 8, Expected: 0008
# 901. Accuracy: 91.564928, Detected number: 1, Expected: 0001
# 902. Accuracy: 91.574279, Detected number: 4, Expected: 0004
# 903. Accuracy: 91.583610, Detected number: 4, Expected: 0004
# 904. Accuracy: 91.592920, Detected number: 6, Expected: 0006
# 905. Accuracy: 91.602210, Detected number: 0, Expected: 0000
# 906. Accuracy: 91.611479, Detected number: 2, Expected: 0002
# 907. Accuracy: 91.620728, Detected number: 9, Expected: 0009
# 908. Accuracy: 91.629956, Detected number: 1, Expected: 0001
# 909. Accuracy: 91.639164, Detected number: 4, Expected: 0004
# 910. Accuracy: 91.648352, Detected number: 7, Expected: 0007
# 911. Accuracy: 91.657519, Detected number: 4, Expected: 0004
# 912. Accuracy: 91.666667, Detected number: 7, Expected: 0007
# 913. Accuracy: 91.675794, Detected number: 3, Expected: 0003
# 914. Accuracy: 91.684902, Detected number: 9, Expected: 0009
# 915. Accuracy: 91.693989, Detected number: 8, Expected: 0008
# 916. Accuracy: 91.703057, Detected number: 8, Expected: 0008
# 917. Accuracy: 91.712105, Detected number: 4, Expected: 0004
# 918. Accuracy: 91.721133, Detected number: 7, Expected: 0007
# 919. Accuracy: 91.730141, Detected number: 1, Expected: 0001
# 920. Accuracy: 91.739130, Detected number: 2, Expected: 0002
# 921. Accuracy: 91.748100, Detected number: 1, Expected: 0001
# 922. Accuracy: 91.757050, Detected number: 2, Expected: 0002
# 923. Accuracy: 91.765980, Detected number: 2, Expected: 0002
# 924. Accuracy: 91.774892, Detected number: 3, Expected: 0003
# 925. Accuracy: 91.783784, Detected number: 2, Expected: 0002
# 926. Accuracy: 91.792657, Detected number: 3, Expected: 0003
# 927. Accuracy: 91.801510, Detected number: 2, Expected: 0002
# 928. Accuracy: 91.810345, Detected number: 3, Expected: 0003
# 929. Accuracy: 91.819160, Detected number: 9, Expected: 0009
# 930. Accuracy: 91.827957, Detected number: 1, Expected: 0001
# 931. Accuracy: 91.836735, Detected number: 7, Expected: 0007
# 932. Accuracy: 91.845494, Detected number: 4, Expected: 0004
# 933. Accuracy: 91.854234, Detected number: 0, Expected: 0000
# 934. Accuracy: 91.862955, Detected number: 3, Expected: 0003
# 935. Accuracy: 91.871658, Detected number: 5, Expected: 0005
# 936. Accuracy: 91.880342, Detected number: 5, Expected: 0005
# 937. Accuracy: 91.889007, Detected number: 8, Expected: 0008
# 938. Accuracy: 91.897655, Detected number: 6, Expected: 0006
# 939. Accuracy: 91.906283, Detected number: 3, Expected: 0003
# 940. Accuracy: 91.914894, Detected number: 2, Expected: 0002
# 941. Accuracy: 91.817216, Detected number: 8, Expected: 0006
# 942. Accuracy: 91.825902, Detected number: 7, Expected: 0007
# 943. Accuracy: 91.834571, Detected number: 6, Expected: 0006
# 944. Accuracy: 91.843220, Detected number: 6, Expected: 0006
# 945. Accuracy: 91.746032, Detected number: 8, Expected: 0003
# 946. Accuracy: 91.754757, Detected number: 2, Expected: 0002
# 947. Accuracy: 91.763464, Detected number: 7, Expected: 0007
# 948. Accuracy: 91.666667, Detected number: 9, Expected: 0008
# 949. Accuracy: 91.675448, Detected number: 1, Expected: 0001
# 950. Accuracy: 91.684211, Detected number: 1, Expected: 0001
# 951. Accuracy: 91.692955, Detected number: 7, Expected: 0007
# 952. Accuracy: 91.596639, Detected number: 4, Expected: 0005
# 953. Accuracy: 91.605456, Detected number: 6, Expected: 0006
# 954. Accuracy: 91.614256, Detected number: 4, Expected: 0004
# 955. Accuracy: 91.623037, Detected number: 9, Expected: 0009
# 956. Accuracy: 91.631799, Detected number: 5, Expected: 0005
# 957. Accuracy: 91.536050, Detected number: 6, Expected: 0001
# 958. Accuracy: 91.544885, Detected number: 3, Expected: 0003
# 959. Accuracy: 91.553702, Detected number: 3, Expected: 0003
# 960. Accuracy: 91.562500, Detected number: 4, Expected: 0004
# 961. Accuracy: 91.571280, Detected number: 7, Expected: 0007
# 962. Accuracy: 91.580042, Detected number: 8, Expected: 0008
# 963. Accuracy: 91.588785, Detected number: 9, Expected: 0009
# 964. Accuracy: 91.597510, Detected number: 1, Expected: 0001
# 965. Accuracy: 91.606218, Detected number: 1, Expected: 0001
# 966. Accuracy: 91.511387, Detected number: 0, Expected: 0006
# 967. Accuracy: 91.520165, Detected number: 9, Expected: 0009
# 968. Accuracy: 91.528926, Detected number: 1, Expected: 0001
# 969. Accuracy: 91.537668, Detected number: 4, Expected: 0004
# 970. Accuracy: 91.546392, Detected number: 4, Expected: 0004
# 971. Accuracy: 91.555098, Detected number: 5, Expected: 0005
# 972. Accuracy: 91.563786, Detected number: 4, Expected: 0004
# 973. Accuracy: 91.572456, Detected number: 0, Expected: 0000
# 974. Accuracy: 91.581109, Detected number: 6, Expected: 0006
# 975. Accuracy: 91.589744, Detected number: 2, Expected: 0002
# 976. Accuracy: 91.598361, Detected number: 2, Expected: 0002
# 977. Accuracy: 91.606960, Detected number: 3, Expected: 0003
# 978. Accuracy: 91.513292, Detected number: 4, Expected: 0001
# 979. Accuracy: 91.521961, Detected number: 5, Expected: 0005
# 980. Accuracy: 91.530612, Detected number: 1, Expected: 0001
# 981. Accuracy: 91.539246, Detected number: 2, Expected: 0002
# 982. Accuracy: 91.547862, Detected number: 0, Expected: 0000
# 983. Accuracy: 91.454730, Detected number: 8, Expected: 0003
# 984. Accuracy: 91.463415, Detected number: 8, Expected: 0008
# 985. Accuracy: 91.472081, Detected number: 1, Expected: 0001
# 986. Accuracy: 91.379310, Detected number: 8, Expected: 0002
# 987. Accuracy: 91.388045, Detected number: 6, Expected: 0006
# 988. Accuracy: 91.396761, Detected number: 7, Expected: 0007
# 989. Accuracy: 91.405460, Detected number: 1, Expected: 0001
# 990. Accuracy: 91.414141, Detected number: 6, Expected: 0006
# 991. Accuracy: 91.422805, Detected number: 2, Expected: 0002
# 992. Accuracy: 91.431452, Detected number: 3, Expected: 0003
# 993. Accuracy: 91.440081, Detected number: 9, Expected: 0009
# 994. Accuracy: 91.448692, Detected number: 0, Expected: 0000
# 995. Accuracy: 91.457286, Detected number: 1, Expected: 0001
# 996. Accuracy: 91.465863, Detected number: 2, Expected: 0002
# 997. Accuracy: 91.474423, Detected number: 2, Expected: 0002
# 998. Accuracy: 91.482966, Detected number: 0, Expected: 0000
# 999. Accuracy: 91.491491, Detected number: 8, Expected: 0008
# 1000. Accuracy: 91.500000, Detected number: 9, Expected: 0009
# Accuracy: 915.000000
# ** Note: $stop    : ../../../../rtl/sim/tb_mnist.v(68)
#    Time: 21806980 ns  Iteration: 2  Instance: /tb_mnist
# Break in Module tb_mnist at ../../../../rtl/sim/tb_mnist.v line 68
# End time: 23:26:07 on Oct 18,2022, Elapsed time: 7:16:51
# Errors: 0, Warnings: 1
